2024-04-04 20:21:17,759 [Worker-1: Loading available Gradle versions] INFO  o.e.b.c.i.u.g.PublishedGradleVersions - Gradle version information cache is up-to-date. Trying to read.
2024-04-04 20:24:22,723 [Worker-155: Launching mavenrun-f8fcd067-7db2-41d7-9677-287a9422ea5f] INFO  o.eclipse.m2e.core.internal.Bundles - getClasspathEntries(Bundle=org.eclipse.m2e.maven.runtime_3.9.500.20231113-2345 [295])
2024-04-04 20:24:22,724 [Worker-155: Launching mavenrun-f8fcd067-7db2-41d7-9677-287a9422ea5f] INFO  o.eclipse.m2e.core.internal.Bundles - 	Entry: C:\Users\jesse\.p2\pool\plugins\org.eclipse.m2e.maven.runtime_3.9.500.20231113-2345
2024-04-04 20:24:22,724 [Worker-155: Launching mavenrun-f8fcd067-7db2-41d7-9677-287a9422ea5f] INFO  o.eclipse.m2e.core.internal.Bundles - 	Entry: C:\Users\jesse\.p2\pool\plugins\org.eclipse.m2e.maven.runtime_3.9.500.20231113-2345\jars\aopalliance-1.0.jar
2024-04-04 20:24:22,724 [Worker-155: Launching mavenrun-f8fcd067-7db2-41d7-9677-287a9422ea5f] INFO  o.eclipse.m2e.core.internal.Bundles - 	Entry: C:\Users\jesse\.p2\pool\plugins\org.eclipse.m2e.maven.runtime_3.9.500.20231113-2345\jars\guice-5.1.0.jar
2024-04-04 20:24:22,724 [Worker-155: Launching mavenrun-f8fcd067-7db2-41d7-9677-287a9422ea5f] INFO  o.eclipse.m2e.core.internal.Bundles - 	Entry: C:\Users\jesse\.p2\pool\plugins\org.eclipse.m2e.maven.runtime_3.9.500.20231113-2345\jars\httpclient-4.5.14.jar
2024-04-04 20:24:22,724 [Worker-155: Launching mavenrun-f8fcd067-7db2-41d7-9677-287a9422ea5f] INFO  o.eclipse.m2e.core.internal.Bundles - 	Entry: C:\Users\jesse\.p2\pool\plugins\org.eclipse.m2e.maven.runtime_3.9.500.20231113-2345\jars\httpcore-4.4.16.jar
2024-04-04 20:24:22,725 [Worker-155: Launching mavenrun-f8fcd067-7db2-41d7-9677-287a9422ea5f] INFO  o.eclipse.m2e.core.internal.Bundles - 	Entry: C:\Users\jesse\.p2\pool\plugins\org.eclipse.m2e.maven.runtime_3.9.500.20231113-2345\jars\jansi-2.4.0.jar
2024-04-04 20:24:22,725 [Worker-155: Launching mavenrun-f8fcd067-7db2-41d7-9677-287a9422ea5f] INFO  o.eclipse.m2e.core.internal.Bundles - 	Entry: C:\Users\jesse\.p2\pool\plugins\org.eclipse.m2e.maven.runtime_3.9.500.20231113-2345\jars\jcl-over-slf4j-1.7.36.jar
2024-04-04 20:24:22,725 [Worker-155: Launching mavenrun-f8fcd067-7db2-41d7-9677-287a9422ea5f] INFO  o.eclipse.m2e.core.internal.Bundles - 	Entry: C:\Users\jesse\.p2\pool\plugins\org.eclipse.m2e.maven.runtime_3.9.500.20231113-2345\jars\maven-artifact-3.9.5.jar
2024-04-04 20:24:22,725 [Worker-155: Launching mavenrun-f8fcd067-7db2-41d7-9677-287a9422ea5f] INFO  o.eclipse.m2e.core.internal.Bundles - 	Entry: C:\Users\jesse\.p2\pool\plugins\org.eclipse.m2e.maven.runtime_3.9.500.20231113-2345\jars\maven-builder-support-3.9.5.jar
2024-04-04 20:24:22,725 [Worker-155: Launching mavenrun-f8fcd067-7db2-41d7-9677-287a9422ea5f] INFO  o.eclipse.m2e.core.internal.Bundles - 	Entry: C:\Users\jesse\.p2\pool\plugins\org.eclipse.m2e.maven.runtime_3.9.500.20231113-2345\jars\maven-compat-3.9.5.jar
2024-04-04 20:24:22,725 [Worker-155: Launching mavenrun-f8fcd067-7db2-41d7-9677-287a9422ea5f] INFO  o.eclipse.m2e.core.internal.Bundles - 	Entry: C:\Users\jesse\.p2\pool\plugins\org.eclipse.m2e.maven.runtime_3.9.500.20231113-2345\jars\maven-core-3.9.5.jar
2024-04-04 20:24:22,725 [Worker-155: Launching mavenrun-f8fcd067-7db2-41d7-9677-287a9422ea5f] INFO  o.eclipse.m2e.core.internal.Bundles - 	Entry: C:\Users\jesse\.p2\pool\plugins\org.eclipse.m2e.maven.runtime_3.9.500.20231113-2345\jars\maven-embedder-3.9.5.jar
2024-04-04 20:24:22,725 [Worker-155: Launching mavenrun-f8fcd067-7db2-41d7-9677-287a9422ea5f] INFO  o.eclipse.m2e.core.internal.Bundles - 	Entry: C:\Users\jesse\.p2\pool\plugins\org.eclipse.m2e.maven.runtime_3.9.500.20231113-2345\jars\maven-model-3.9.5.jar
2024-04-04 20:24:22,725 [Worker-155: Launching mavenrun-f8fcd067-7db2-41d7-9677-287a9422ea5f] INFO  o.eclipse.m2e.core.internal.Bundles - 	Entry: C:\Users\jesse\.p2\pool\plugins\org.eclipse.m2e.maven.runtime_3.9.500.20231113-2345\jars\maven-model-builder-3.9.5.jar
2024-04-04 20:24:22,725 [Worker-155: Launching mavenrun-f8fcd067-7db2-41d7-9677-287a9422ea5f] INFO  o.eclipse.m2e.core.internal.Bundles - 	Entry: C:\Users\jesse\.p2\pool\plugins\org.eclipse.m2e.maven.runtime_3.9.500.20231113-2345\jars\maven-plugin-api-3.9.5.jar
2024-04-04 20:24:22,725 [Worker-155: Launching mavenrun-f8fcd067-7db2-41d7-9677-287a9422ea5f] INFO  o.eclipse.m2e.core.internal.Bundles - 	Entry: C:\Users\jesse\.p2\pool\plugins\org.eclipse.m2e.maven.runtime_3.9.500.20231113-2345\jars\maven-repository-metadata-3.9.5.jar
2024-04-04 20:24:22,725 [Worker-155: Launching mavenrun-f8fcd067-7db2-41d7-9677-287a9422ea5f] INFO  o.eclipse.m2e.core.internal.Bundles - 	Entry: C:\Users\jesse\.p2\pool\plugins\org.eclipse.m2e.maven.runtime_3.9.500.20231113-2345\jars\maven-resolver-api-1.9.16.jar
2024-04-04 20:24:22,725 [Worker-155: Launching mavenrun-f8fcd067-7db2-41d7-9677-287a9422ea5f] INFO  o.eclipse.m2e.core.internal.Bundles - 	Entry: C:\Users\jesse\.p2\pool\plugins\org.eclipse.m2e.maven.runtime_3.9.500.20231113-2345\jars\maven-resolver-connector-basic-1.9.16.jar
2024-04-04 20:24:22,725 [Worker-155: Launching mavenrun-f8fcd067-7db2-41d7-9677-287a9422ea5f] INFO  o.eclipse.m2e.core.internal.Bundles - 	Entry: C:\Users\jesse\.p2\pool\plugins\org.eclipse.m2e.maven.runtime_3.9.500.20231113-2345\jars\maven-resolver-impl-1.9.16.jar
2024-04-04 20:24:22,726 [Worker-155: Launching mavenrun-f8fcd067-7db2-41d7-9677-287a9422ea5f] INFO  o.eclipse.m2e.core.internal.Bundles - 	Entry: C:\Users\jesse\.p2\pool\plugins\org.eclipse.m2e.maven.runtime_3.9.500.20231113-2345\jars\maven-resolver-named-locks-1.9.16.jar
2024-04-04 20:24:22,726 [Worker-155: Launching mavenrun-f8fcd067-7db2-41d7-9677-287a9422ea5f] INFO  o.eclipse.m2e.core.internal.Bundles - 	Entry: C:\Users\jesse\.p2\pool\plugins\org.eclipse.m2e.maven.runtime_3.9.500.20231113-2345\jars\maven-resolver-provider-3.9.5.jar
2024-04-04 20:24:22,726 [Worker-155: Launching mavenrun-f8fcd067-7db2-41d7-9677-287a9422ea5f] INFO  o.eclipse.m2e.core.internal.Bundles - 	Entry: C:\Users\jesse\.p2\pool\plugins\org.eclipse.m2e.maven.runtime_3.9.500.20231113-2345\jars\maven-resolver-spi-1.9.16.jar
2024-04-04 20:24:22,726 [Worker-155: Launching mavenrun-f8fcd067-7db2-41d7-9677-287a9422ea5f] INFO  o.eclipse.m2e.core.internal.Bundles - 	Entry: C:\Users\jesse\.p2\pool\plugins\org.eclipse.m2e.maven.runtime_3.9.500.20231113-2345\jars\maven-resolver-transport-file-1.9.16.jar
2024-04-04 20:24:22,726 [Worker-155: Launching mavenrun-f8fcd067-7db2-41d7-9677-287a9422ea5f] INFO  o.eclipse.m2e.core.internal.Bundles - 	Entry: C:\Users\jesse\.p2\pool\plugins\org.eclipse.m2e.maven.runtime_3.9.500.20231113-2345\jars\maven-resolver-transport-http-1.9.16.jar
2024-04-04 20:24:22,726 [Worker-155: Launching mavenrun-f8fcd067-7db2-41d7-9677-287a9422ea5f] INFO  o.eclipse.m2e.core.internal.Bundles - 	Entry: C:\Users\jesse\.p2\pool\plugins\org.eclipse.m2e.maven.runtime_3.9.500.20231113-2345\jars\maven-resolver-transport-wagon-1.9.16.jar
2024-04-04 20:24:22,726 [Worker-155: Launching mavenrun-f8fcd067-7db2-41d7-9677-287a9422ea5f] INFO  o.eclipse.m2e.core.internal.Bundles - 	Entry: C:\Users\jesse\.p2\pool\plugins\org.eclipse.m2e.maven.runtime_3.9.500.20231113-2345\jars\maven-resolver-util-1.9.16.jar
2024-04-04 20:24:22,726 [Worker-155: Launching mavenrun-f8fcd067-7db2-41d7-9677-287a9422ea5f] INFO  o.eclipse.m2e.core.internal.Bundles - 	Entry: C:\Users\jesse\.p2\pool\plugins\org.eclipse.m2e.maven.runtime_3.9.500.20231113-2345\jars\maven-settings-3.9.5.jar
2024-04-04 20:24:22,726 [Worker-155: Launching mavenrun-f8fcd067-7db2-41d7-9677-287a9422ea5f] INFO  o.eclipse.m2e.core.internal.Bundles - 	Entry: C:\Users\jesse\.p2\pool\plugins\org.eclipse.m2e.maven.runtime_3.9.500.20231113-2345\jars\maven-settings-builder-3.9.5.jar
2024-04-04 20:24:22,726 [Worker-155: Launching mavenrun-f8fcd067-7db2-41d7-9677-287a9422ea5f] INFO  o.eclipse.m2e.core.internal.Bundles - 	Entry: C:\Users\jesse\.p2\pool\plugins\org.eclipse.m2e.maven.runtime_3.9.500.20231113-2345\jars\maven-shared-utils-3.3.4.jar
2024-04-04 20:24:22,726 [Worker-155: Launching mavenrun-f8fcd067-7db2-41d7-9677-287a9422ea5f] INFO  o.eclipse.m2e.core.internal.Bundles - 	Entry: C:\Users\jesse\.p2\pool\plugins\org.eclipse.m2e.maven.runtime_3.9.500.20231113-2345\jars\org.eclipse.sisu.inject-0.3.5.jar
2024-04-04 20:24:22,726 [Worker-155: Launching mavenrun-f8fcd067-7db2-41d7-9677-287a9422ea5f] INFO  o.eclipse.m2e.core.internal.Bundles - 	Entry: C:\Users\jesse\.p2\pool\plugins\org.eclipse.m2e.maven.runtime_3.9.500.20231113-2345\jars\org.eclipse.sisu.plexus-0.3.5.jar
2024-04-04 20:24:22,726 [Worker-155: Launching mavenrun-f8fcd067-7db2-41d7-9677-287a9422ea5f] INFO  o.eclipse.m2e.core.internal.Bundles - 	Entry: C:\Users\jesse\.p2\pool\plugins\org.eclipse.m2e.maven.runtime_3.9.500.20231113-2345\jars\plexus-build-api-0.0.7.jar
2024-04-04 20:24:22,726 [Worker-155: Launching mavenrun-f8fcd067-7db2-41d7-9677-287a9422ea5f] INFO  o.eclipse.m2e.core.internal.Bundles - 	Entry: C:\Users\jesse\.p2\pool\plugins\org.eclipse.m2e.maven.runtime_3.9.500.20231113-2345\jars\plexus-cipher-2.0.jar
2024-04-04 20:24:22,726 [Worker-155: Launching mavenrun-f8fcd067-7db2-41d7-9677-287a9422ea5f] INFO  o.eclipse.m2e.core.internal.Bundles - 	Entry: C:\Users\jesse\.p2\pool\plugins\org.eclipse.m2e.maven.runtime_3.9.500.20231113-2345\jars\plexus-classworlds-2.7.0.jar
2024-04-04 20:24:22,726 [Worker-155: Launching mavenrun-f8fcd067-7db2-41d7-9677-287a9422ea5f] INFO  o.eclipse.m2e.core.internal.Bundles - 	Entry: C:\Users\jesse\.p2\pool\plugins\org.eclipse.m2e.maven.runtime_3.9.500.20231113-2345\jars\plexus-component-annotations-2.1.0.jar
2024-04-04 20:24:22,726 [Worker-155: Launching mavenrun-f8fcd067-7db2-41d7-9677-287a9422ea5f] INFO  o.eclipse.m2e.core.internal.Bundles - 	Entry: C:\Users\jesse\.p2\pool\plugins\org.eclipse.m2e.maven.runtime_3.9.500.20231113-2345\jars\plexus-interpolation-1.26.jar
2024-04-04 20:24:22,727 [Worker-155: Launching mavenrun-f8fcd067-7db2-41d7-9677-287a9422ea5f] INFO  o.eclipse.m2e.core.internal.Bundles - 	Entry: C:\Users\jesse\.p2\pool\plugins\org.eclipse.m2e.maven.runtime_3.9.500.20231113-2345\jars\plexus-sec-dispatcher-2.0.jar
2024-04-04 20:24:22,727 [Worker-155: Launching mavenrun-f8fcd067-7db2-41d7-9677-287a9422ea5f] INFO  o.eclipse.m2e.core.internal.Bundles - 	Entry: C:\Users\jesse\.p2\pool\plugins\org.eclipse.m2e.maven.runtime_3.9.500.20231113-2345\jars\plexus-utils-3.5.1.jar
2024-04-04 20:24:22,727 [Worker-155: Launching mavenrun-f8fcd067-7db2-41d7-9677-287a9422ea5f] INFO  o.eclipse.m2e.core.internal.Bundles - 	Entry: C:\Users\jesse\.p2\pool\plugins\org.eclipse.m2e.maven.runtime_3.9.500.20231113-2345\jars\wagon-file-3.5.3.jar
2024-04-04 20:24:22,727 [Worker-155: Launching mavenrun-f8fcd067-7db2-41d7-9677-287a9422ea5f] INFO  o.eclipse.m2e.core.internal.Bundles - 	Entry: C:\Users\jesse\.p2\pool\plugins\org.eclipse.m2e.maven.runtime_3.9.500.20231113-2345\jars\wagon-http-3.5.3.jar
2024-04-04 20:24:22,727 [Worker-155: Launching mavenrun-f8fcd067-7db2-41d7-9677-287a9422ea5f] INFO  o.eclipse.m2e.core.internal.Bundles - 	Entry: C:\Users\jesse\.p2\pool\plugins\org.eclipse.m2e.maven.runtime_3.9.500.20231113-2345\jars\wagon-http-shared-3.5.3.jar
2024-04-04 20:24:22,727 [Worker-155: Launching mavenrun-f8fcd067-7db2-41d7-9677-287a9422ea5f] INFO  o.eclipse.m2e.core.internal.Bundles - 	Entry: C:\Users\jesse\.p2\pool\plugins\org.eclipse.m2e.maven.runtime_3.9.500.20231113-2345\jars\wagon-provider-api-3.5.3.jar
2024-04-04 20:24:22,727 [Worker-155: Launching mavenrun-f8fcd067-7db2-41d7-9677-287a9422ea5f] INFO  o.eclipse.m2e.core.internal.Bundles - getClasspathEntries(Bundle=com.google.guava_32.1.3.jre [10])
2024-04-04 20:24:22,728 [Worker-155: Launching mavenrun-f8fcd067-7db2-41d7-9677-287a9422ea5f] INFO  o.eclipse.m2e.core.internal.Bundles - 	Entry: C:\Users\jesse\.p2\pool\plugins\com.google.guava_32.1.3.jre.jar
2024-04-04 20:24:22,728 [Worker-155: Launching mavenrun-f8fcd067-7db2-41d7-9677-287a9422ea5f] INFO  o.eclipse.m2e.core.internal.Bundles - getClasspathEntries(Bundle=slf4j.api_2.0.9 [967])
2024-04-04 20:24:22,728 [Worker-155: Launching mavenrun-f8fcd067-7db2-41d7-9677-287a9422ea5f] INFO  o.eclipse.m2e.core.internal.Bundles - 	Entry: C:\Users\jesse\.p2\pool\plugins\slf4j.api_2.0.9.jar
2024-04-04 20:24:22,728 [Worker-155: Launching mavenrun-f8fcd067-7db2-41d7-9677-287a9422ea5f] INFO  o.eclipse.m2e.core.internal.Bundles - getClasspathEntries(Bundle=jakarta.inject.jakarta.inject-api_1.0.5 [22])
2024-04-04 20:24:22,728 [Worker-155: Launching mavenrun-f8fcd067-7db2-41d7-9677-287a9422ea5f] INFO  o.eclipse.m2e.core.internal.Bundles - 	Entry: C:\Users\jesse\.p2\pool\plugins\jakarta.inject.jakarta.inject-api_1.0.5.jar
2024-04-04 20:24:22,728 [Worker-155: Launching mavenrun-f8fcd067-7db2-41d7-9677-287a9422ea5f] INFO  o.eclipse.m2e.core.internal.Bundles - getClasspathEntries(Bundle=jakarta.annotation-api_1.3.5 [20])
2024-04-04 20:24:22,728 [Worker-155: Launching mavenrun-f8fcd067-7db2-41d7-9677-287a9422ea5f] INFO  o.eclipse.m2e.core.internal.Bundles - 	Entry: C:\Users\jesse\.p2\pool\plugins\jakarta.annotation-api_1.3.5.jar
2024-04-04 20:24:22,728 [Worker-155: Launching mavenrun-f8fcd067-7db2-41d7-9677-287a9422ea5f] INFO  o.eclipse.m2e.core.internal.Bundles - getClasspathEntries(Bundle=org.apache.commons.cli_1.6.0 [46])
2024-04-04 20:24:22,728 [Worker-155: Launching mavenrun-f8fcd067-7db2-41d7-9677-287a9422ea5f] INFO  o.eclipse.m2e.core.internal.Bundles - 	Entry: C:\Users\jesse\.p2\pool\plugins\org.apache.commons.cli_1.6.0.jar
2024-04-04 20:24:22,728 [Worker-155: Launching mavenrun-f8fcd067-7db2-41d7-9677-287a9422ea5f] INFO  o.eclipse.m2e.core.internal.Bundles - getClasspathEntries(Bundle=org.apache.commons.commons-codec_1.16.0 [48])
2024-04-04 20:24:22,728 [Worker-155: Launching mavenrun-f8fcd067-7db2-41d7-9677-287a9422ea5f] INFO  o.eclipse.m2e.core.internal.Bundles - 	Entry: C:\Users\jesse\.p2\pool\plugins\org.apache.commons.commons-codec_1.16.0.jar
2024-04-04 20:24:22,728 [Worker-155: Launching mavenrun-f8fcd067-7db2-41d7-9677-287a9422ea5f] INFO  o.eclipse.m2e.core.internal.Bundles - getClasspathEntries(Bundle=org.apache.commons.lang3_3.13.0 [53])
2024-04-04 20:24:22,728 [Worker-155: Launching mavenrun-f8fcd067-7db2-41d7-9677-287a9422ea5f] INFO  o.eclipse.m2e.core.internal.Bundles - 	Entry: C:\Users\jesse\.p2\pool\plugins\org.apache.commons.lang3_3.13.0.jar
2024-04-04 20:24:22,728 [Worker-155: Launching mavenrun-f8fcd067-7db2-41d7-9677-287a9422ea5f] INFO  o.eclipse.m2e.core.internal.Bundles - getClasspathEntries(Bundle=com.google.guava.failureaccess_1.0.2 [11])
2024-04-04 20:24:22,729 [Worker-155: Launching mavenrun-f8fcd067-7db2-41d7-9677-287a9422ea5f] INFO  o.eclipse.m2e.core.internal.Bundles - 	Entry: C:\Users\jesse\.p2\pool\plugins\com.google.guava.failureaccess_1.0.2.jar
2024-04-04 20:24:22,732 [Worker-155: Launching mavenrun-f8fcd067-7db2-41d7-9677-287a9422ea5f] INFO  o.e.m.i.launch.MavenLaunchDelegate - Run build in "C:\Users\jesse\AppData\Local\Temp\m2e-archetypeGenerator13850479960962092962":
2024-04-04 20:24:22,733 [Worker-155: Launching mavenrun-f8fcd067-7db2-41d7-9677-287a9422ea5f] INFO  o.e.m.i.launch.MavenLaunchDelegate -  mvn  -DarchetypeGroupId=org.apache.maven.archetypes -DarchetypeArtifactId=maven-archetype-quickstart -DarchetypeVersion=1.1 -DgroupId=com.jenkins -DartifactId=MyJavaApp -Dversion=0.0.1-SNAPSHOT -Dpackage=com.jenkins.MyJavaApp -DoutputDirectory=C:\Users\jesse\Course4\Jenkins -Dstyle.color=always -U archetype:generate
2024-04-04 20:24:27,947 [Worker-130: Creating maven-archetype-quickstart] INFO  o.e.m.c.i.p.ProjectConfigurationManager - Collecting project info '/pom.xml' C:\Users\jesse\Course4\Jenkins\MyJavaApp\pom.xml
2024-04-04 20:24:28,191 [Worker-130: Creating maven-archetype-quickstart] INFO  o.e.m.c.i.l.LifecycleMappingFactory - Using org.eclipse.m2e.jdt.JarLifecycleMapping lifecycle mapping for MavenProject: com.jenkins:MyJavaApp:0.0.1-SNAPSHOT @ C:\Users\jesse\Course4\Jenkins\MyJavaApp\pom.xml.
2024-04-04 20:24:28,434 [Worker-130: Creating maven-archetype-quickstart] INFO  o.e.m.j.i.AbstractJavaProjectConfigurator - Adding source folder /MyJavaApp/src/main/java
2024-04-04 20:24:28,434 [Worker-130: Creating maven-archetype-quickstart] INFO  o.e.m.j.i.AbstractJavaProjectConfigurator - Adding resource folder /MyJavaApp/src/main/resources
2024-04-04 20:24:28,436 [Worker-130: Creating maven-archetype-quickstart] INFO  o.e.m.j.i.AbstractJavaProjectConfigurator - Adding source folder /MyJavaApp/src/test/java
2024-04-04 20:24:28,436 [Worker-130: Creating maven-archetype-quickstart] INFO  o.e.m.j.i.AbstractJavaProjectConfigurator - Adding resource folder /MyJavaApp/src/test/resources
2024-04-04 20:24:28,487 [Worker-130: Creating maven-archetype-quickstart] INFO  o.e.m.c.i.p.ProjectConfigurationManager - Imported and configured 1 project(s) in 0 sec
2024-04-04 20:24:29,028 [Worker-139: Building] INFO  o.a.m.s.f.DefaultMavenResourcesFiltering - skip non existing resourceDirectory C:\Users\jesse\Course4\Jenkins\MyJavaApp\src\main\resources
2024-04-04 20:24:29,030 [Worker-139: Building] INFO  o.a.m.s.f.DefaultMavenResourcesFiltering - skip non existing resourceDirectory C:\Users\jesse\Course4\Jenkins\MyJavaApp\src\test\resources
